0 info it worked if it ends with ok
1 verbose cli [ '/usr/local/Cellar/node/6.5.0/bin/node',
1 verbose cli   '/usr/local/bin/npm',
1 verbose cli   'install',
1 verbose cli   'tslint',
1 verbose cli   'typescript',
1 verbose cli   '--save-dev' ]
2 info using npm@3.10.3
3 info using node@v6.5.0
4 silly loadCurrentTree Starting
5 silly install loadCurrentTree
6 silly install readLocalPackageData
7 silly fetchPackageMetaData tslint
8 silly fetchPackageMetaData typescript
9 silly fetchNamedPackageData tslint
10 silly mapToRegistry name tslint
11 silly mapToRegistry using default registry
12 silly mapToRegistry registry https://registry.npmjs.org/
13 silly mapToRegistry data Result {
13 silly mapToRegistry   raw: 'tslint',
13 silly mapToRegistry   scope: null,
13 silly mapToRegistry   escapedName: 'tslint',
13 silly mapToRegistry   name: 'tslint',
13 silly mapToRegistry   rawSpec: '',
13 silly mapToRegistry   spec: 'latest',
13 silly mapToRegistry   type: 'tag' }
14 silly mapToRegistry uri https://registry.npmjs.org/tslint
15 silly fetchOtherPackageData typescript
16 silly cache add args [ 'typescript', null ]
17 verbose cache add spec typescript
18 silly cache add parsed spec Result {
18 silly cache add   raw: 'typescript',
18 silly cache add   scope: null,
18 silly cache add   escapedName: 'typescript',
18 silly cache add   name: null,
18 silly cache add   rawSpec: 'typescript',
18 silly cache add   spec: '/Users/Adam/College/4-yr/fyp-vr-project/typescript',
18 silly cache add   type: 'local' }
19 verbose request uri https://registry.npmjs.org/tslint
20 verbose request no auth needed
21 info attempt registry request try #1 at 12:40:56 PM
22 verbose request id c8100f35c03b1696
23 verbose etag W/"58ba1a43-3dc91"
24 verbose lastModified Sat, 04 Mar 2017 01:37:07 GMT
25 http request GET https://registry.npmjs.org/tslint
26 silly addLocalTarball shasum (computed) ac03f1440fb3cf420bdfcabf731e87ff9f9a5053
27 verbose addTmpTarball /Users/Adam/College/4-yr/fyp-vr-project/typescript not in flight; adding
28 verbose correctMkdir /Users/Adam/.npm correctMkdir not in flight; initializing
29 verbose addTmpTarball validating metadata from /Users/Adam/College/4-yr/fyp-vr-project/typescript
30 verbose tar unpack /Users/Adam/College/4-yr/fyp-vr-project/typescript
31 verbose tar unpacking to /var/folders/n2/mcrm2mn91_j9k4znhslc1ch80000gp/T/npm-43588-b7bfb29e/unpack-c8de27b2
32 silly gentlyRm /var/folders/n2/mcrm2mn91_j9k4znhslc1ch80000gp/T/npm-43588-b7bfb29e/unpack-c8de27b2 is being purged
33 verbose gentlyRm don't care about contents; nuking /var/folders/n2/mcrm2mn91_j9k4znhslc1ch80000gp/T/npm-43588-b7bfb29e/unpack-c8de27b2
34 silly gunzTarPerm modes [ '755', '644' ]
35 error not a package /Users/Adam/College/4-yr/fyp-vr-project/typescript
36 error addLocal Could not install /Users/Adam/College/4-yr/fyp-vr-project/typescript
37 silly fetchPackageMetaData Error: ENOENT: no such file or directory, open '/var/folders/n2/mcrm2mn91_j9k4znhslc1ch80000gp/T/npm-43588-b7bfb29e/unpack-c8de27b2/package.json'
37 silly fetchPackageMetaData     at Error (native)
37 silly fetchPackageMetaData  error for typescript { Error: ENOENT: no such file or directory, open '/var/folders/n2/mcrm2mn91_j9k4znhslc1ch80000gp/T/npm-43588-b7bfb29e/unpack-c8de27b2/package.json'
37 silly fetchPackageMetaData     at Error (native)
37 silly fetchPackageMetaData   errno: -2,
37 silly fetchPackageMetaData   code: 'ENOENT',
37 silly fetchPackageMetaData   syscall: 'open',
37 silly fetchPackageMetaData   path: '/var/folders/n2/mcrm2mn91_j9k4znhslc1ch80000gp/T/npm-43588-b7bfb29e/unpack-c8de27b2/package.json' }
38 http 304 https://registry.npmjs.org/tslint
39 verbose headers { date: 'Thu, 16 Mar 2017 12:40:55 GMT',
39 verbose headers   via: '1.1 varnish',
39 verbose headers   'cache-control': 'max-age=300',
39 verbose headers   etag: 'W/"58ba1a43-3dc91"',
39 verbose headers   age: '138',
39 verbose headers   connection: 'keep-alive',
39 verbose headers   'x-served-by': 'cache-ams4445-AMS',
39 verbose headers   'x-cache': 'HIT',
39 verbose headers   'x-cache-hits': '3',
39 verbose headers   'x-timer': 'S1489668055.281848,VS0,VE0',
39 verbose headers   vary: 'Accept-Encoding' }
40 silly get cb [ 304,
40 silly get   { date: 'Thu, 16 Mar 2017 12:40:55 GMT',
40 silly get     via: '1.1 varnish',
40 silly get     'cache-control': 'max-age=300',
40 silly get     etag: 'W/"58ba1a43-3dc91"',
40 silly get     age: '138',
40 silly get     connection: 'keep-alive',
40 silly get     'x-served-by': 'cache-ams4445-AMS',
40 silly get     'x-cache': 'HIT',
40 silly get     'x-cache-hits': '3',
40 silly get     'x-timer': 'S1489668055.281848,VS0,VE0',
40 silly get     vary: 'Accept-Encoding' } ]
41 verbose etag https://registry.npmjs.org/tslint from cache
42 verbose get saving tslint to /Users/Adam/.npm/registry.npmjs.org/tslint/.cache.json
43 verbose correctMkdir /Users/Adam/.npm correctMkdir not in flight; initializing
44 silly rollbackFailedOptional Starting
45 silly rollbackFailedOptional Finishing
46 silly runTopLevelLifecycles Starting
47 silly runTopLevelLifecycles Finishing
48 silly install printInstalled
49 verbose stack Error: ENOENT: no such file or directory, open '/var/folders/n2/mcrm2mn91_j9k4znhslc1ch80000gp/T/npm-43588-b7bfb29e/unpack-c8de27b2/package.json'
49 verbose stack     at Error (native)
50 verbose cwd /Users/Adam/College/4-yr/fyp-vr-project/app
51 error Darwin 16.4.0
52 error argv "/usr/local/Cellar/node/6.5.0/bin/node" "/usr/local/bin/npm" "install" "tslint" "typescript" "--save-dev"
53 error node v6.5.0
54 error npm  v3.10.3
55 error path /var/folders/n2/mcrm2mn91_j9k4znhslc1ch80000gp/T/npm-43588-b7bfb29e/unpack-c8de27b2/package.json
56 error code ENOENT
57 error errno -2
58 error syscall open
59 error enoent ENOENT: no such file or directory, open '/var/folders/n2/mcrm2mn91_j9k4znhslc1ch80000gp/T/npm-43588-b7bfb29e/unpack-c8de27b2/package.json'
60 error enoent ENOENT: no such file or directory, open '/var/folders/n2/mcrm2mn91_j9k4znhslc1ch80000gp/T/npm-43588-b7bfb29e/unpack-c8de27b2/package.json'
60 error enoent This is most likely not a problem with npm itself
60 error enoent and is related to npm not being able to find a file.
61 verbose exit [ -2, true ]
