[debug] ----------------------------------------------------------------------
[debug] Command:      /usr/local/Cellar/node/6.5.0/bin/node /usr/local/bin/firebase deploy
[debug] CLI Version:  3.2.2
[debug] Platform:     darwin
[debug] Node Version: v6.5.0
[debug] Time:         Sat Feb 11 2017 02:36:43 GMT+0000 (GMT)
[debug] ----------------------------------------------------------------------
[debug] 
[debug] > command requires scopes: ["email","openid","https://www.googleapis.com/auth/cloudplatformprojects.readonly","https://www.googleapis.com/auth/firebase"]
[debug] >>> HTTP REQUEST GET https://admin.firebase.com/v1/projects/fyp-vr-project  
 Sat Feb 11 2017 02:36:43 GMT+0000 (GMT)
[debug] <<< HTTP RESPONSE 200
[debug] >>> HTTP REQUEST GET https://admin.firebase.com/v1/database/fyp-vr-project/tokens  
 Sat Feb 11 2017 02:36:44 GMT+0000 (GMT)
[debug] <<< HTTP RESPONSE 200
[info] 
[info] === Deploying to 'fyp-vr-project'...
[info] 
[info] i  deploying database, hosting
[info] ✔  database: rules ready to deploy.
[info] i  hosting: preparing app directory for upload...
[debug] >>> HTTP REQUEST PUT https://deploy.firebase.com/v1/hosting/fyp-vr-project/uploads/-Kcf0uhfk_JtC63p_po8?fileCount=15&message=  
 Sat Feb 11 2017 02:36:47 GMT+0000 (GMT)
